CREATE ROLE mere_mortal;
SET ROLE mere_mortal;
SHOW extwlist.extensions;
               extwlist.extensions               
-------------------------------------------------
 citext,earthdistance,pg_trgm,pg_stat_statements
(1 row)

SELECT extname FROM pg_extension ORDER BY 1;
 extname 
---------
 plpgsql
(1 row)

-- pre-existing extension
CREATE EXTENSION plpgsql;
ERROR:  extension "plpgsql" already exists
SELECT extname FROM pg_extension ORDER BY 1;
 extname 
---------
 plpgsql
(1 row)

-- non-whitelisted extension
CREATE EXTENSION hstore;
ERROR:  permission denied to create extension "hstore"
HINT:  Must be superuser to create this extension.
SELECT extname FROM pg_extension ORDER BY 1;
 extname 
---------
 plpgsql
(1 row)

-- whitelisted extensions
CREATE EXTENSION citext;
CREATE EXTENSION pg_trgm;
COMMENT ON EXTENSION pg_trgm IS 'pg_trgm comment';
SELECT extname FROM pg_extension ORDER BY 1;
 extname 
---------
 citext
 pg_trgm
 plpgsql
(3 rows)

SELECT d.description FROM pg_extension e JOIN pg_description d ON d.objoid = e.oid WHERE e.extname = 'pg_trgm';
   description   
-----------------
 pg_trgm comment
(1 row)

-- whitelisted extension, but dependency is missing
CREATE EXTENSION earthdistance;
ERROR:  required extension "cube" is not installed
HINT:  Use CREATE EXTENSION ... CASCADE to install required extensions too.
SELECT extname FROM pg_extension ORDER BY 1;
 extname 
---------
 citext
 pg_trgm
 plpgsql
(3 rows)

-- drop whitelisted extension
DROP EXTENSION pg_trgm;
SELECT extname FROM pg_extension ORDER BY 1;
 extname 
---------
 citext
 plpgsql
(2 rows)

-- drop non-whitelisted extension
DROP EXTENSION plpgsql;
ERROR:  must be owner of extension plpgsql
SELECT extname FROM pg_extension ORDER BY 1;
 extname 
---------
 citext
 plpgsql
(2 rows)

-- whitelisted extension with custom after-create script
CREATE EXTENSION pg_stat_statements;
SELECT extname FROM pg_extension ORDER BY 1;
      extname       
--------------------
 citext
 pg_stat_statements
 plpgsql
(3 rows)

SELECT proacl FROM pg_proc WHERE proname = 'pg_stat_statements_reset';
           proacl            
-----------------------------
 {mere_mortal=X/mere_mortal}
(1 row)

